-------------------------------------------------------------------------------
Test set: edu.matc.persistence.TestDescriptionDaoTest
-------------------------------------------------------------------------------
Tests run: 7, Failures: 0, Errors: 7, Skipped: 0, Time elapsed: 216.3 sec <<< FAILURE! - in edu.matc.persistence.TestDescriptionDaoTest
deleteSuccess()  Time elapsed: 30.794 sec  <<< ERROR!
org.hibernate.service.spi.ServiceException: Unable to create requested service [org.hibernate.engine.jdbc.env.spi.JdbcEnvironment]
	at edu.matc.persistence.TestDescriptionDaoTest.deleteSuccess(TestDescriptionDaoTest.java:70)
Caused by: org.hibernate.HibernateException: Access to DialectResolutionInfo cannot be null when 'hibernate.dialect' not set
	at edu.matc.persistence.TestDescriptionDaoTest.deleteSuccess(TestDescriptionDaoTest.java:70)

getAll()  Time elapsed: 31.092 sec  <<< ERROR!
org.hibernate.service.spi.ServiceException: Unable to create requested service [org.hibernate.engine.jdbc.env.spi.JdbcEnvironment]
	at edu.matc.persistence.TestDescriptionDaoTest.getAll(TestDescriptionDaoTest.java:35)
Caused by: org.hibernate.HibernateException: Access to DialectResolutionInfo cannot be null when 'hibernate.dialect' not set
	at edu.matc.persistence.TestDescriptionDaoTest.getAll(TestDescriptionDaoTest.java:35)

getByPropertyEqualSuccess()  Time elapsed: 30.85 sec  <<< ERROR!
org.hibernate.service.spi.ServiceException: Unable to create requested service [org.hibernate.engine.jdbc.env.spi.JdbcEnvironment]
	at edu.matc.persistence.TestDescriptionDaoTest.getByPropertyEqualSuccess(TestDescriptionDaoTest.java:92)
Caused by: org.hibernate.HibernateException: Access to DialectResolutionInfo cannot be null when 'hibernate.dialect' not set
	at edu.matc.persistence.TestDescriptionDaoTest.getByPropertyEqualSuccess(TestDescriptionDaoTest.java:92)

getByPropertyLikeSuccess()  Time elapsed: 30.873 sec  <<< ERROR!
org.hibernate.service.spi.ServiceException: Unable to create requested service [org.hibernate.engine.jdbc.env.spi.JdbcEnvironment]
	at edu.matc.persistence.TestDescriptionDaoTest.getByPropertyLikeSuccess(TestDescriptionDaoTest.java:102)
Caused by: org.hibernate.HibernateException: Access to DialectResolutionInfo cannot be null when 'hibernate.dialect' not set
	at edu.matc.persistence.TestDescriptionDaoTest.getByPropertyLikeSuccess(TestDescriptionDaoTest.java:102)

getByIdSuccess()  Time elapsed: 30.768 sec  <<< ERROR!
org.hibernate.service.spi.ServiceException: Unable to create requested service [org.hibernate.engine.jdbc.env.spi.JdbcEnvironment]
	at edu.matc.persistence.TestDescriptionDaoTest.getByIdSuccess(TestDescriptionDaoTest.java:47)
Caused by: org.hibernate.HibernateException: Access to DialectResolutionInfo cannot be null when 'hibernate.dialect' not set
	at edu.matc.persistence.TestDescriptionDaoTest.getByIdSuccess(TestDescriptionDaoTest.java:47)

updateSuccess()  Time elapsed: 30.878 sec  <<< ERROR!
org.hibernate.service.spi.ServiceException: Unable to create requested service [org.hibernate.engine.jdbc.env.spi.JdbcEnvironment]
	at edu.matc.persistence.TestDescriptionDaoTest.updateSuccess(TestDescriptionDaoTest.java:80)
Caused by: org.hibernate.HibernateException: Access to DialectResolutionInfo cannot be null when 'hibernate.dialect' not set
	at edu.matc.persistence.TestDescriptionDaoTest.updateSuccess(TestDescriptionDaoTest.java:80)

insertSuccess()  Time elapsed: 31.041 sec  <<< ERROR!
org.hibernate.service.spi.ServiceException: Unable to create requested service [org.hibernate.engine.jdbc.env.spi.JdbcEnvironment]
	at edu.matc.persistence.TestDescriptionDaoTest.insertSuccess(TestDescriptionDaoTest.java:59)
Caused by: org.hibernate.HibernateException: Access to DialectResolutionInfo cannot be null when 'hibernate.dialect' not set
	at edu.matc.persistence.TestDescriptionDaoTest.insertSuccess(TestDescriptionDaoTest.java:59)

