-------------------------------------------------------------------------------
Test set: edu.matc.persistence.ClientDaoTest
-------------------------------------------------------------------------------
Tests run: 7, Failures: 0, Errors: 7, Skipped: 0, Time elapsed: 215.135 sec <<< FAILURE! - in edu.matc.persistence.ClientDaoTest
deleteSuccess()  Time elapsed: 30.78 sec  <<< ERROR!
org.hibernate.service.spi.ServiceException: Unable to create requested service [org.hibernate.engine.jdbc.env.spi.JdbcEnvironment]
	at edu.matc.persistence.ClientDaoTest.deleteSuccess(ClientDaoTest.java:70)
Caused by: org.hibernate.HibernateException: Access to DialectResolutionInfo cannot be null when 'hibernate.dialect' not set
	at edu.matc.persistence.ClientDaoTest.deleteSuccess(ClientDaoTest.java:70)

getAll()  Time elapsed: 30.95 sec  <<< ERROR!
org.hibernate.service.spi.ServiceException: Unable to create requested service [org.hibernate.engine.jdbc.env.spi.JdbcEnvironment]
	at edu.matc.persistence.ClientDaoTest.getAll(ClientDaoTest.java:35)
Caused by: org.hibernate.HibernateException: Access to DialectResolutionInfo cannot be null when 'hibernate.dialect' not set
	at edu.matc.persistence.ClientDaoTest.getAll(ClientDaoTest.java:35)

getByPropertyEqualSuccess()  Time elapsed: 30.639 sec  <<< ERROR!
org.hibernate.service.spi.ServiceException: Unable to create requested service [org.hibernate.engine.jdbc.env.spi.JdbcEnvironment]
	at edu.matc.persistence.ClientDaoTest.getByPropertyEqualSuccess(ClientDaoTest.java:92)
Caused by: org.hibernate.HibernateException: Access to DialectResolutionInfo cannot be null when 'hibernate.dialect' not set
	at edu.matc.persistence.ClientDaoTest.getByPropertyEqualSuccess(ClientDaoTest.java:92)

getByPropertyLikeSuccess()  Time elapsed: 30.7 sec  <<< ERROR!
org.hibernate.service.spi.ServiceException: Unable to create requested service [org.hibernate.engine.jdbc.env.spi.JdbcEnvironment]
	at edu.matc.persistence.ClientDaoTest.getByPropertyLikeSuccess(ClientDaoTest.java:102)
Caused by: org.hibernate.HibernateException: Access to DialectResolutionInfo cannot be null when 'hibernate.dialect' not set
	at edu.matc.persistence.ClientDaoTest.getByPropertyLikeSuccess(ClientDaoTest.java:102)

getByIdSuccess()  Time elapsed: 30.756 sec  <<< ERROR!
org.hibernate.service.spi.ServiceException: Unable to create requested service [org.hibernate.engine.jdbc.env.spi.JdbcEnvironment]
	at edu.matc.persistence.ClientDaoTest.getByIdSuccess(ClientDaoTest.java:47)
Caused by: org.hibernate.HibernateException: Access to DialectResolutionInfo cannot be null when 'hibernate.dialect' not set
	at edu.matc.persistence.ClientDaoTest.getByIdSuccess(ClientDaoTest.java:47)

updateSuccess()  Time elapsed: 30.709 sec  <<< ERROR!
org.hibernate.service.spi.ServiceException: Unable to create requested service [org.hibernate.engine.jdbc.env.spi.JdbcEnvironment]
	at edu.matc.persistence.ClientDaoTest.updateSuccess(ClientDaoTest.java:80)
Caused by: org.hibernate.HibernateException: Access to DialectResolutionInfo cannot be null when 'hibernate.dialect' not set
	at edu.matc.persistence.ClientDaoTest.updateSuccess(ClientDaoTest.java:80)

insertSuccess()  Time elapsed: 30.599 sec  <<< ERROR!
org.hibernate.service.spi.ServiceException: Unable to create requested service [org.hibernate.engine.jdbc.env.spi.JdbcEnvironment]
	at edu.matc.persistence.ClientDaoTest.insertSuccess(ClientDaoTest.java:59)
Caused by: org.hibernate.HibernateException: Access to DialectResolutionInfo cannot be null when 'hibernate.dialect' not set
	at edu.matc.persistence.ClientDaoTest.insertSuccess(ClientDaoTest.java:59)

