-------------------------------------------------------------------------------
Test set: edu.matc.persistence.MethodDaoTest
-------------------------------------------------------------------------------
Tests run: 7, Failures: 0, Errors: 7, Skipped: 0, Time elapsed: 215.863 sec <<< FAILURE! - in edu.matc.persistence.MethodDaoTest
deleteSuccess()  Time elapsed: 31.162 sec  <<< ERROR!
org.hibernate.service.spi.ServiceException: Unable to create requested service [org.hibernate.engine.jdbc.env.spi.JdbcEnvironment]
	at edu.matc.persistence.MethodDaoTest.deleteSuccess(MethodDaoTest.java:73)
Caused by: org.hibernate.HibernateException: Access to DialectResolutionInfo cannot be null when 'hibernate.dialect' not set
	at edu.matc.persistence.MethodDaoTest.deleteSuccess(MethodDaoTest.java:73)

getAll()  Time elapsed: 30.764 sec  <<< ERROR!
org.hibernate.service.spi.ServiceException: Unable to create requested service [org.hibernate.engine.jdbc.env.spi.JdbcEnvironment]
	at edu.matc.persistence.MethodDaoTest.getAll(MethodDaoTest.java:37)
Caused by: org.hibernate.HibernateException: Access to DialectResolutionInfo cannot be null when 'hibernate.dialect' not set
	at edu.matc.persistence.MethodDaoTest.getAll(MethodDaoTest.java:37)

getByPropertyEqualSuccess()  Time elapsed: 30.758 sec  <<< ERROR!
org.hibernate.service.spi.ServiceException: Unable to create requested service [org.hibernate.engine.jdbc.env.spi.JdbcEnvironment]
	at edu.matc.persistence.MethodDaoTest.getByPropertyEqualSuccess(MethodDaoTest.java:95)
Caused by: org.hibernate.HibernateException: Access to DialectResolutionInfo cannot be null when 'hibernate.dialect' not set
	at edu.matc.persistence.MethodDaoTest.getByPropertyEqualSuccess(MethodDaoTest.java:95)

getByPropertyLikeSuccess()  Time elapsed: 30.779 sec  <<< ERROR!
org.hibernate.service.spi.ServiceException: Unable to create requested service [org.hibernate.engine.jdbc.env.spi.JdbcEnvironment]
	at edu.matc.persistence.MethodDaoTest.getByPropertyLikeSuccess(MethodDaoTest.java:105)
Caused by: org.hibernate.HibernateException: Access to DialectResolutionInfo cannot be null when 'hibernate.dialect' not set
	at edu.matc.persistence.MethodDaoTest.getByPropertyLikeSuccess(MethodDaoTest.java:105)

getByIdSuccess()  Time elapsed: 30.973 sec  <<< ERROR!
org.hibernate.service.spi.ServiceException: Unable to create requested service [org.hibernate.engine.jdbc.env.spi.JdbcEnvironment]
	at edu.matc.persistence.MethodDaoTest.getByIdSuccess(MethodDaoTest.java:49)
Caused by: org.hibernate.HibernateException: Access to DialectResolutionInfo cannot be null when 'hibernate.dialect' not set
	at edu.matc.persistence.MethodDaoTest.getByIdSuccess(MethodDaoTest.java:49)

updateSuccess()  Time elapsed: 30.691 sec  <<< ERROR!
org.hibernate.service.spi.ServiceException: Unable to create requested service [org.hibernate.engine.jdbc.env.spi.JdbcEnvironment]
	at edu.matc.persistence.MethodDaoTest.updateSuccess(MethodDaoTest.java:83)
Caused by: org.hibernate.HibernateException: Access to DialectResolutionInfo cannot be null when 'hibernate.dialect' not set
	at edu.matc.persistence.MethodDaoTest.updateSuccess(MethodDaoTest.java:83)

insertSuccess()  Time elapsed: 30.732 sec  <<< ERROR!
org.hibernate.service.spi.ServiceException: Unable to create requested service [org.hibernate.engine.jdbc.env.spi.JdbcEnvironment]
	at edu.matc.persistence.MethodDaoTest.insertSuccess(MethodDaoTest.java:62)
Caused by: org.hibernate.HibernateException: Access to DialectResolutionInfo cannot be null when 'hibernate.dialect' not set
	at edu.matc.persistence.MethodDaoTest.insertSuccess(MethodDaoTest.java:62)

